{"C:\\Users\\formacion_altran\\Documents\\EjerciciosNodejs\\APIPlanet\\PlanetAPIExample\\server.js":{"path":"C:\\Users\\formacion_altran\\Documents\\EjerciciosNodejs\\APIPlanet\\PlanetAPIExample\\server.js","s":{"1":1,"2":1,"3":1,"4":1,"5":1,"6":1,"7":1,"8":1,"9":1,"10":1,"11":1},"b":{"1":[1,1]},"f":{"1":1},"fnMap":{"1":{"name":"(anonymous_1)","line":23,"loc":{"start":{"line":23,"column":17},"end":{"line":23,"column":29}}}},"statementMap":{"1":{"start":{"line":1,"column":0},"end":{"line":1,"column":33}},"2":{"start":{"line":2,"column":0},"end":{"line":2,"column":40}},"3":{"start":{"line":3,"column":0},"end":{"line":3,"column":31}},"4":{"start":{"line":6,"column":0},"end":{"line":6,"column":37}},"5":{"start":{"line":7,"column":0},"end":{"line":7,"column":36}},"6":{"start":{"line":10,"column":0},"end":{"line":10,"column":23}},"7":{"start":{"line":11,"column":0},"end":{"line":11,"column":27}},"8":{"start":{"line":20,"column":0},"end":{"line":20,"column":44}},"9":{"start":{"line":21,"column":0},"end":{"line":21,"column":31}},"10":{"start":{"line":23,"column":0},"end":{"line":25,"column":3}},"11":{"start":{"line":24,"column":4},"end":{"line":24,"column":53}}},"branchMap":{"1":{"line":7,"type":"binary-expr","locations":[{"start":{"line":7,"column":11},"end":{"line":7,"column":27}},{"start":{"line":7,"column":31},"end":{"line":7,"column":35}}]}}},"C:\\Users\\formacion_altran\\Documents\\EjerciciosNodejs\\APIPlanet\\PlanetAPIExample\\routes\\planetas.js":{"path":"C:\\Users\\formacion_altran\\Documents\\EjerciciosNodejs\\APIPlanet\\PlanetAPIExample\\routes\\planetas.js","s":{"1":1,"2":1,"3":1,"4":1,"5":4,"6":4,"7":3,"8":0,"9":3,"10":3,"11":3,"12":3,"13":3,"14":1,"15":1,"16":1,"17":0,"18":0,"19":0,"20":0,"21":0,"22":0,"23":0,"24":1,"25":0,"26":1,"27":1,"28":1,"29":1,"30":1,"31":1,"32":0,"33":1,"34":1,"35":1,"36":1},"b":{"1":[0,3],"2":[0,0],"3":[0,1],"4":[0,1]},"f":{"1":4,"2":3,"3":1,"4":0,"5":1,"6":1},"fnMap":{"1":{"name":"(anonymous_1)","line":11,"loc":{"start":{"line":11,"column":7},"end":{"line":11,"column":33}}},"2":{"name":"(anonymous_2)","line":15,"loc":{"start":{"line":15,"column":6},"end":{"line":15,"column":35}}},"3":{"name":"(anonymous_3)","line":38,"loc":{"start":{"line":38,"column":6},"end":{"line":38,"column":33}}},"4":{"name":"(anonymous_4)","line":52,"loc":{"start":{"line":52,"column":7},"end":{"line":52,"column":34}}},"5":{"name":"(anonymous_5)","line":67,"loc":{"start":{"line":67,"column":7},"end":{"line":67,"column":34}}},"6":{"name":"(anonymous_6)","line":81,"loc":{"start":{"line":81,"column":10},"end":{"line":81,"column":37}}}},"statementMap":{"1":{"start":{"line":1,"column":0},"end":{"line":1,"column":33}},"2":{"start":{"line":2,"column":0},"end":{"line":2,"column":30}},"3":{"start":{"line":5,"column":0},"end":{"line":5,"column":18}},"4":{"start":{"line":10,"column":0},"end":{"line":49,"column":3}},"5":{"start":{"line":12,"column":4},"end":{"line":12,"column":47}},"6":{"start":{"line":13,"column":4},"end":{"line":13,"column":11}},"7":{"start":{"line":17,"column":1},"end":{"line":18,"column":73}},"8":{"start":{"line":18,"column":2},"end":{"line":18,"column":73}},"9":{"start":{"line":21,"column":2},"end":{"line":21,"column":42}},"10":{"start":{"line":22,"column":2},"end":{"line":22,"column":31}},"11":{"start":{"line":25,"column":3},"end":{"line":25,"column":44}},"12":{"start":{"line":29,"column":2},"end":{"line":29,"column":23}},"13":{"start":{"line":32,"column":2},"end":{"line":34,"column":5}},"14":{"start":{"line":41,"column":2},"end":{"line":41,"column":23}},"15":{"start":{"line":45,"column":2},"end":{"line":47,"column":7}},"16":{"start":{"line":51,"column":0},"end":{"line":91,"column":3}},"17":{"start":{"line":55,"column":2},"end":{"line":55,"column":23}},"18":{"start":{"line":56,"column":3},"end":{"line":56,"column":45}},"19":{"start":{"line":57,"column":3},"end":{"line":57,"column":38}},"20":{"start":{"line":58,"column":4},"end":{"line":61,"column":5}},"21":{"start":{"line":59,"column":5},"end":{"line":59,"column":30}},"22":{"start":{"line":60,"column":6},"end":{"line":60,"column":75}},"23":{"start":{"line":64,"column":2},"end":{"line":64,"column":25}},"24":{"start":{"line":68,"column":1},"end":{"line":69,"column":73}},"25":{"start":{"line":69,"column":2},"end":{"line":69,"column":73}},"26":{"start":{"line":70,"column":1},"end":{"line":70,"column":36}},"27":{"start":{"line":72,"column":1},"end":{"line":72,"column":42}},"28":{"start":{"line":73,"column":1},"end":{"line":73,"column":39}},"29":{"start":{"line":75,"column":1},"end":{"line":75,"column":22}},"30":{"start":{"line":78,"column":2},"end":{"line":80,"column":5}},"31":{"start":{"line":82,"column":1},"end":{"line":83,"column":73}},"32":{"start":{"line":83,"column":2},"end":{"line":83,"column":73}},"33":{"start":{"line":85,"column":1},"end":{"line":85,"column":36}},"34":{"start":{"line":87,"column":1},"end":{"line":87,"column":22}},"35":{"start":{"line":90,"column":2},"end":{"line":90,"column":18}},"36":{"start":{"line":93,"column":0},"end":{"line":93,"column":24}}},"branchMap":{"1":{"line":17,"type":"if","locations":[{"start":{"line":17,"column":1},"end":{"line":17,"column":1}},{"start":{"line":17,"column":1},"end":{"line":17,"column":1}}]},"2":{"line":58,"type":"if","locations":[{"start":{"line":58,"column":4},"end":{"line":58,"column":4}},{"start":{"line":58,"column":4},"end":{"line":58,"column":4}}]},"3":{"line":68,"type":"if","locations":[{"start":{"line":68,"column":1},"end":{"line":68,"column":1}},{"start":{"line":68,"column":1},"end":{"line":68,"column":1}}]},"4":{"line":82,"type":"if","locations":[{"start":{"line":82,"column":1},"end":{"line":82,"column":1}},{"start":{"line":82,"column":1},"end":{"line":82,"column":1}}]}}}}