{"C:\\Users\\formacion_altran\\Documents\\EjerciciosNodejs\\APIPlanet\\PlanetAPIExample\\server.js":{"path":"C:\\Users\\formacion_altran\\Documents\\EjerciciosNodejs\\APIPlanet\\PlanetAPIExample\\server.js","s":{"1":1,"2":1,"3":1,"4":1,"5":1,"6":1,"7":1,"8":1,"9":0,"10":1,"11":1,"12":1,"13":1,"14":1,"15":1,"16":1},"b":{"1":[1,1],"2":[0,1]},"f":{"1":1,"2":1},"fnMap":{"1":{"name":"(anonymous_1)","line":10,"loc":{"start":{"line":10,"column":60},"end":{"line":10,"column":79}}},"2":{"name":"(anonymous_2)","line":28,"loc":{"start":{"line":28,"column":18},"end":{"line":28,"column":30}}}},"statementMap":{"1":{"start":{"line":1,"column":0},"end":{"line":1,"column":33}},"2":{"start":{"line":2,"column":0},"end":{"line":2,"column":40}},"3":{"start":{"line":3,"column":0},"end":{"line":3,"column":31}},"4":{"start":{"line":4,"column":0},"end":{"line":4,"column":49}},"5":{"start":{"line":7,"column":0},"end":{"line":7,"column":37}},"6":{"start":{"line":8,"column":0},"end":{"line":8,"column":36}},"7":{"start":{"line":10,"column":0},"end":{"line":31,"column":3}},"8":{"start":{"line":11,"column":2},"end":{"line":11,"column":20}},"9":{"start":{"line":11,"column":10},"end":{"line":11,"column":20}},"10":{"start":{"line":14,"column":1},"end":{"line":14,"column":24}},"11":{"start":{"line":15,"column":1},"end":{"line":15,"column":28}},"12":{"start":{"line":24,"column":1},"end":{"line":24,"column":45}},"13":{"start":{"line":25,"column":1},"end":{"line":25,"column":46}},"14":{"start":{"line":26,"column":1},"end":{"line":26,"column":38}},"15":{"start":{"line":28,"column":1},"end":{"line":30,"column":4}},"16":{"start":{"line":29,"column":5},"end":{"line":29,"column":54}}},"branchMap":{"1":{"line":8,"type":"binary-expr","locations":[{"start":{"line":8,"column":11},"end":{"line":8,"column":27}},{"start":{"line":8,"column":31},"end":{"line":8,"column":35}}]},"2":{"line":11,"type":"if","locations":[{"start":{"line":11,"column":2},"end":{"line":11,"column":2}},{"start":{"line":11,"column":2},"end":{"line":11,"column":2}}]}}},"C:\\Users\\formacion_altran\\Documents\\EjerciciosNodejs\\APIPlanet\\PlanetAPIExample\\routes\\planetas.js":{"path":"C:\\Users\\formacion_altran\\Documents\\EjerciciosNodejs\\APIPlanet\\PlanetAPIExample\\routes\\planetas.js","s":{"1":1,"2":1,"3":1,"4":1,"5":1,"6":1,"7":5,"8":5,"9":4,"10":0,"11":4,"12":4,"13":4,"14":0,"15":4,"16":4,"17":4,"18":1,"19":1,"20":0,"21":1,"22":1,"23":1,"24":1,"25":1,"26":1,"27":1,"28":1,"29":1,"30":0,"31":1,"32":0,"33":1,"34":1,"35":1,"36":1,"37":1,"38":1,"39":0,"40":1,"41":1,"42":1,"43":1,"44":1},"b":{"1":[0,4],"2":[0,4],"3":[0,1],"4":[1,0],"5":[0,1],"6":[0,1]},"f":{"1":1,"2":5,"3":4,"4":4,"5":1,"6":1,"7":1,"8":1,"9":1},"fnMap":{"1":{"name":"planetas","line":9,"loc":{"start":{"line":9,"column":0},"end":{"line":9,"column":22}}},"2":{"name":"(anonymous_2)","line":13,"loc":{"start":{"line":13,"column":7},"end":{"line":13,"column":33}}},"3":{"name":"(anonymous_3)","line":17,"loc":{"start":{"line":17,"column":6},"end":{"line":17,"column":35}}},"4":{"name":"(anonymous_4)","line":26,"loc":{"start":{"line":26,"column":42},"end":{"line":26,"column":65}}},"5":{"name":"(anonymous_5)","line":49,"loc":{"start":{"line":49,"column":6},"end":{"line":49,"column":33}}},"6":{"name":"(anonymous_6)","line":54,"loc":{"start":{"line":54,"column":25},"end":{"line":54,"column":45}}},"7":{"name":"(anonymous_7)","line":73,"loc":{"start":{"line":73,"column":7},"end":{"line":73,"column":34}}},"8":{"name":"(anonymous_8)","line":88,"loc":{"start":{"line":88,"column":7},"end":{"line":88,"column":34}}},"9":{"name":"(anonymous_9)","line":102,"loc":{"start":{"line":102,"column":10},"end":{"line":102,"column":37}}}},"statementMap":{"1":{"start":{"line":1,"column":0},"end":{"line":1,"column":33}},"2":{"start":{"line":2,"column":0},"end":{"line":2,"column":30}},"3":{"start":{"line":3,"column":0},"end":{"line":3,"column":57}},"4":{"start":{"line":9,"column":0},"end":{"line":114,"column":1}},"5":{"start":{"line":10,"column":1},"end":{"line":10,"column":37}},"6":{"start":{"line":12,"column":0},"end":{"line":70,"column":3}},"7":{"start":{"line":14,"column":4},"end":{"line":14,"column":47}},"8":{"start":{"line":15,"column":4},"end":{"line":15,"column":11}},"9":{"start":{"line":19,"column":1},"end":{"line":20,"column":73}},"10":{"start":{"line":20,"column":2},"end":{"line":20,"column":73}},"11":{"start":{"line":23,"column":2},"end":{"line":23,"column":42}},"12":{"start":{"line":26,"column":3},"end":{"line":45,"column":7}},"13":{"start":{"line":27,"column":8},"end":{"line":29,"column":9}},"14":{"start":{"line":28,"column":10},"end":{"line":28,"column":68}},"15":{"start":{"line":38,"column":2},"end":{"line":38,"column":23}},"16":{"start":{"line":40,"column":2},"end":{"line":40,"column":43}},"17":{"start":{"line":42,"column":8},"end":{"line":44,"column":11}},"18":{"start":{"line":54,"column":2},"end":{"line":65,"column":5}},"19":{"start":{"line":55,"column":3},"end":{"line":57,"column":4}},"20":{"start":{"line":56,"column":5},"end":{"line":56,"column":63}},"21":{"start":{"line":59,"column":5},"end":{"line":59,"column":26}},"22":{"start":{"line":62,"column":3},"end":{"line":64,"column":8}},"23":{"start":{"line":72,"column":0},"end":{"line":112,"column":3}},"24":{"start":{"line":76,"column":2},"end":{"line":76,"column":23}},"25":{"start":{"line":77,"column":3},"end":{"line":77,"column":45}},"26":{"start":{"line":78,"column":3},"end":{"line":78,"column":38}},"27":{"start":{"line":79,"column":4},"end":{"line":82,"column":5}},"28":{"start":{"line":80,"column":5},"end":{"line":80,"column":30}},"29":{"start":{"line":81,"column":6},"end":{"line":81,"column":75}},"30":{"start":{"line":85,"column":2},"end":{"line":85,"column":25}},"31":{"start":{"line":89,"column":1},"end":{"line":90,"column":73}},"32":{"start":{"line":90,"column":2},"end":{"line":90,"column":73}},"33":{"start":{"line":91,"column":1},"end":{"line":91,"column":36}},"34":{"start":{"line":93,"column":1},"end":{"line":93,"column":42}},"35":{"start":{"line":94,"column":1},"end":{"line":94,"column":39}},"36":{"start":{"line":96,"column":1},"end":{"line":96,"column":22}},"37":{"start":{"line":99,"column":2},"end":{"line":101,"column":5}},"38":{"start":{"line":103,"column":1},"end":{"line":104,"column":73}},"39":{"start":{"line":104,"column":2},"end":{"line":104,"column":73}},"40":{"start":{"line":106,"column":1},"end":{"line":106,"column":36}},"41":{"start":{"line":108,"column":1},"end":{"line":108,"column":22}},"42":{"start":{"line":111,"column":2},"end":{"line":111,"column":18}},"43":{"start":{"line":113,"column":1},"end":{"line":113,"column":22}},"44":{"start":{"line":116,"column":0},"end":{"line":116,"column":26}}},"branchMap":{"1":{"line":19,"type":"if","locations":[{"start":{"line":19,"column":1},"end":{"line":19,"column":1}},{"start":{"line":19,"column":1},"end":{"line":19,"column":1}}]},"2":{"line":27,"type":"if","locations":[{"start":{"line":27,"column":8},"end":{"line":27,"column":8}},{"start":{"line":27,"column":8},"end":{"line":27,"column":8}}]},"3":{"line":55,"type":"if","locations":[{"start":{"line":55,"column":3},"end":{"line":55,"column":3}},{"start":{"line":55,"column":3},"end":{"line":55,"column":3}}]},"4":{"line":79,"type":"if","locations":[{"start":{"line":79,"column":4},"end":{"line":79,"column":4}},{"start":{"line":79,"column":4},"end":{"line":79,"column":4}}]},"5":{"line":89,"type":"if","locations":[{"start":{"line":89,"column":1},"end":{"line":89,"column":1}},{"start":{"line":89,"column":1},"end":{"line":89,"column":1}}]},"6":{"line":103,"type":"if","locations":[{"start":{"line":103,"column":1},"end":{"line":103,"column":1}},{"start":{"line":103,"column":1},"end":{"line":103,"column":1}}]}}},"C:\\Users\\formacion_altran\\Documents\\EjerciciosNodejs\\APIPlanet\\PlanetAPIExample\\models\\planeta.js":{"path":"C:\\Users\\formacion_altran\\Documents\\EjerciciosNodejs\\APIPlanet\\PlanetAPIExample\\models\\planeta.js","s":{"1":1,"2":1,"3":1,"4":1,"5":4,"6":4,"7":0,"8":4,"9":1,"10":1,"11":1,"12":0,"13":1,"14":1,"15":0,"16":0,"17":0,"18":0,"19":1,"20":0,"21":0,"22":0,"23":0,"24":0,"25":0,"26":0,"27":1,"28":0,"29":0,"30":0,"31":0,"32":1},"b":{"1":[0,4],"2":[0,1],"3":[0,0],"4":[0,0],"5":[0,0],"6":[0,0]},"f":{"1":1,"2":4,"3":4,"4":1,"5":1,"6":0,"7":0,"8":0,"9":0,"10":0,"11":0,"12":0},"fnMap":{"1":{"name":"PlanetaDAO","line":3,"loc":{"start":{"line":3,"column":0},"end":{"line":3,"column":24}}},"2":{"name":"(anonymous_2)","line":7,"loc":{"start":{"line":7,"column":23},"end":{"line":7,"column":46}}},"3":{"name":"(anonymous_3)","line":8,"loc":{"start":{"line":8,"column":29},"end":{"line":8,"column":44}}},"4":{"name":"(anonymous_4)","line":16,"loc":{"start":{"line":16,"column":21},"end":{"line":16,"column":35}}},"5":{"name":"(anonymous_5)","line":17,"loc":{"start":{"line":17,"column":28},"end":{"line":17,"column":49}}},"6":{"name":"(anonymous_6)","line":25,"loc":{"start":{"line":25,"column":24},"end":{"line":25,"column":42}}},"7":{"name":"(anonymous_7)","line":26,"loc":{"start":{"line":26,"column":50},"end":{"line":26,"column":70}}},"8":{"name":"(anonymous_8)","line":34,"loc":{"start":{"line":34,"column":23},"end":{"line":34,"column":50}}},"9":{"name":"(anonymous_9)","line":35,"loc":{"start":{"line":35,"column":58},"end":{"line":35,"column":73}}},"10":{"name":"(anonymous_10)","line":39,"loc":{"start":{"line":39,"column":52},"end":{"line":39,"column":72}}},"11":{"name":"(anonymous_11)","line":48,"loc":{"start":{"line":48,"column":23},"end":{"line":48,"column":41}}},"12":{"name":"(anonymous_12)","line":49,"loc":{"start":{"line":49,"column":49},"end":{"line":49,"column":64}}}},"statementMap":{"1":{"start":{"line":1,"column":0},"end":{"line":1,"column":43}},"2":{"start":{"line":3,"column":0},"end":{"line":57,"column":1}},"3":{"start":{"line":5,"column":2},"end":{"line":5,"column":43}},"4":{"start":{"line":7,"column":2},"end":{"line":14,"column":4}},"5":{"start":{"line":8,"column":4},"end":{"line":13,"column":6}},"6":{"start":{"line":9,"column":6},"end":{"line":11,"column":7}},"7":{"start":{"line":10,"column":8},"end":{"line":10,"column":23}},"8":{"start":{"line":12,"column":6},"end":{"line":12,"column":31}},"9":{"start":{"line":16,"column":2},"end":{"line":23,"column":4}},"10":{"start":{"line":17,"column":4},"end":{"line":22,"column":7}},"11":{"start":{"line":18,"column":6},"end":{"line":20,"column":7}},"12":{"start":{"line":19,"column":8},"end":{"line":19,"column":23}},"13":{"start":{"line":21,"column":6},"end":{"line":21,"column":29}},"14":{"start":{"line":25,"column":2},"end":{"line":32,"column":4}},"15":{"start":{"line":26,"column":4},"end":{"line":31,"column":7}},"16":{"start":{"line":27,"column":6},"end":{"line":29,"column":7}},"17":{"start":{"line":28,"column":8},"end":{"line":28,"column":23}},"18":{"start":{"line":30,"column":6},"end":{"line":30,"column":27}},"19":{"start":{"line":34,"column":2},"end":{"line":46,"column":4}},"20":{"start":{"line":35,"column":4},"end":{"line":45,"column":7}},"21":{"start":{"line":36,"column":6},"end":{"line":38,"column":7}},"22":{"start":{"line":37,"column":8},"end":{"line":37,"column":23}},"23":{"start":{"line":39,"column":6},"end":{"line":44,"column":9}},"24":{"start":{"line":40,"column":8},"end":{"line":42,"column":9}},"25":{"start":{"line":41,"column":10},"end":{"line":41,"column":25}},"26":{"start":{"line":43,"column":8},"end":{"line":43,"column":29}},"27":{"start":{"line":48,"column":2},"end":{"line":55,"column":4}},"28":{"start":{"line":49,"column":4},"end":{"line":54,"column":7}},"29":{"start":{"line":50,"column":6},"end":{"line":52,"column":7}},"30":{"start":{"line":51,"column":8},"end":{"line":51,"column":23}},"31":{"start":{"line":53,"column":6},"end":{"line":53,"column":18}},"32":{"start":{"line":59,"column":0},"end":{"line":59,"column":39}}},"branchMap":{"1":{"line":9,"type":"if","locations":[{"start":{"line":9,"column":6},"end":{"line":9,"column":6}},{"start":{"line":9,"column":6},"end":{"line":9,"column":6}}]},"2":{"line":18,"type":"if","locations":[{"start":{"line":18,"column":6},"end":{"line":18,"column":6}},{"start":{"line":18,"column":6},"end":{"line":18,"column":6}}]},"3":{"line":27,"type":"if","locations":[{"start":{"line":27,"column":6},"end":{"line":27,"column":6}},{"start":{"line":27,"column":6},"end":{"line":27,"column":6}}]},"4":{"line":36,"type":"if","locations":[{"start":{"line":36,"column":6},"end":{"line":36,"column":6}},{"start":{"line":36,"column":6},"end":{"line":36,"column":6}}]},"5":{"line":40,"type":"if","locations":[{"start":{"line":40,"column":8},"end":{"line":40,"column":8}},{"start":{"line":40,"column":8},"end":{"line":40,"column":8}}]},"6":{"line":50,"type":"if","locations":[{"start":{"line":50,"column":6},"end":{"line":50,"column":6}},{"start":{"line":50,"column":6},"end":{"line":50,"column":6}}]}}}}