TN:
SF:C:\Users\formacion_altran\Documents\EjerciciosNodejs\APIPlanet\PlanetAPIExample\server.js
FN:10,(anonymous_1)
FN:28,(anonymous_2)
FNF:2
FNH:2
FNDA:1,(anonymous_1)
FNDA:1,(anonymous_2)
DA:1,1
DA:2,1
DA:3,1
DA:4,1
DA:7,1
DA:8,1
DA:10,1
DA:11,1
DA:14,1
DA:15,1
DA:24,1
DA:25,1
DA:26,1
DA:28,1
DA:29,1
LF:15
LH:15
BRDA:8,1,0,1
BRDA:8,1,1,1
BRDA:11,2,0,0
BRDA:11,2,1,1
BRF:4
BRH:3
end_of_record
TN:
SF:C:\Users\formacion_altran\Documents\EjerciciosNodejs\APIPlanet\PlanetAPIExample\routes\planetas.js
FN:9,planetas
FN:13,(anonymous_2)
FN:17,(anonymous_3)
FN:26,(anonymous_4)
FN:49,(anonymous_5)
FN:54,(anonymous_6)
FN:73,(anonymous_7)
FN:88,(anonymous_8)
FN:102,(anonymous_9)
FNF:9
FNH:9
FNDA:1,planetas
FNDA:5,(anonymous_2)
FNDA:4,(anonymous_3)
FNDA:4,(anonymous_4)
FNDA:1,(anonymous_5)
FNDA:1,(anonymous_6)
FNDA:1,(anonymous_7)
FNDA:1,(anonymous_8)
FNDA:1,(anonymous_9)
DA:1,1
DA:2,1
DA:3,1
DA:9,1
DA:10,1
DA:12,1
DA:14,5
DA:15,5
DA:19,4
DA:20,0
DA:23,4
DA:26,4
DA:27,4
DA:28,0
DA:38,4
DA:40,4
DA:42,4
DA:54,1
DA:55,1
DA:56,0
DA:59,1
DA:62,1
DA:72,1
DA:76,1
DA:77,1
DA:78,1
DA:79,1
DA:80,1
DA:81,1
DA:85,0
DA:89,1
DA:90,0
DA:91,1
DA:93,1
DA:94,1
DA:96,1
DA:99,1
DA:103,1
DA:104,0
DA:106,1
DA:108,1
DA:111,1
DA:113,1
DA:116,1
LF:44
LH:38
BRDA:19,1,0,0
BRDA:19,1,1,4
BRDA:27,2,0,0
BRDA:27,2,1,4
BRDA:55,3,0,0
BRDA:55,3,1,1
BRDA:79,4,0,1
BRDA:79,4,1,0
BRDA:89,5,0,0
BRDA:89,5,1,1
BRDA:103,6,0,0
BRDA:103,6,1,1
BRF:12
BRH:6
end_of_record
TN:
SF:C:\Users\formacion_altran\Documents\EjerciciosNodejs\APIPlanet\PlanetAPIExample\models\planeta.js
FN:3,PlanetaDAO
FN:7,(anonymous_2)
FN:8,(anonymous_3)
FN:16,(anonymous_4)
FN:17,(anonymous_5)
FN:25,(anonymous_6)
FN:26,(anonymous_7)
FN:34,(anonymous_8)
FN:35,(anonymous_9)
FN:39,(anonymous_10)
FN:48,(anonymous_11)
FN:49,(anonymous_12)
FNF:12
FNH:5
FNDA:1,PlanetaDAO
FNDA:4,(anonymous_2)
FNDA:4,(anonymous_3)
FNDA:1,(anonymous_4)
FNDA:1,(anonymous_5)
FNDA:0,(anonymous_6)
FNDA:0,(anonymous_7)
FNDA:0,(anonymous_8)
FNDA:0,(anonymous_9)
FNDA:0,(anonymous_10)
FNDA:0,(anonymous_11)
FNDA:0,(anonymous_12)
DA:1,1
DA:3,1
DA:5,1
DA:7,1
DA:8,4
DA:9,4
DA:10,0
DA:12,4
DA:16,1
DA:17,1
DA:18,1
DA:19,0
DA:21,1
DA:25,1
DA:26,0
DA:27,0
DA:28,0
DA:30,0
DA:34,1
DA:35,0
DA:36,0
DA:37,0
DA:39,0
DA:40,0
DA:41,0
DA:43,0
DA:48,1
DA:49,0
DA:50,0
DA:51,0
DA:53,0
DA:59,1
LF:32
LH:15
BRDA:9,1,0,0
BRDA:9,1,1,4
BRDA:18,2,0,0
BRDA:18,2,1,1
BRDA:27,3,0,0
BRDA:27,3,1,0
BRDA:36,4,0,0
BRDA:36,4,1,0
BRDA:40,5,0,0
BRDA:40,5,1,0
BRDA:50,6,0,0
BRDA:50,6,1,0
BRF:12
BRH:2
end_of_record
