TN:
SF:C:\Users\formacion_altran\Documents\EjerciciosNodejs\APIPlanet\PlanetAPIExample\server.js
FN:23,(anonymous_1)
FNF:1
FNH:1
FNDA:1,(anonymous_1)
DA:1,1
DA:2,1
DA:3,1
DA:6,1
DA:7,1
DA:10,1
DA:11,1
DA:20,1
DA:21,1
DA:23,1
DA:24,1
LF:11
LH:11
BRDA:7,1,0,1
BRDA:7,1,1,1
BRF:2
BRH:2
end_of_record
TN:
SF:C:\Users\formacion_altran\Documents\EjerciciosNodejs\APIPlanet\PlanetAPIExample\routes\planetas.js
FN:11,(anonymous_1)
FN:15,(anonymous_2)
FN:38,(anonymous_3)
FN:52,(anonymous_4)
FN:67,(anonymous_5)
FNF:5
FNH:4
FNDA:3,(anonymous_1)
FNDA:2,(anonymous_2)
FNDA:1,(anonymous_3)
FNDA:0,(anonymous_4)
FNDA:1,(anonymous_5)
DA:1,1
DA:2,1
DA:5,1
DA:10,1
DA:12,3
DA:13,3
DA:17,2
DA:18,0
DA:21,2
DA:22,2
DA:25,2
DA:29,2
DA:32,2
DA:41,1
DA:45,1
DA:51,1
DA:55,0
DA:56,0
DA:57,0
DA:58,0
DA:59,0
DA:60,0
DA:64,0
DA:68,1
DA:69,0
DA:70,1
DA:72,1
DA:73,1
DA:75,1
DA:78,1
DA:83,1
LF:31
LH:22
BRDA:17,1,0,0
BRDA:17,1,1,2
BRDA:58,2,0,0
BRDA:58,2,1,0
BRDA:68,3,0,0
BRDA:68,3,1,1
BRF:6
BRH:2
end_of_record
